2023-08-24T10:03:55+00:00 CRITICAL Cannot redeclare woocommerce_wp_select() (previously declared in C:\xampp\htdocs\test2003\wp-content\plugins\woocommerce\includes\admin\wc-meta-box-functions.php:193) в C:\xampp\htdocs\test2003\wp-content\themes\twentytwentythree -child\functions.php на строке 42

2023-08-24T10:06:14+00:00 CRITICAL syntax error, unexpected token ";" в C:\xampp\htdocs\test2003\wp-content\themes\twentytwentythree -child\functions.php на строке 43

2023-08-24T10:37:15+00:00 CRITICAL syntax error, unexpected token ";" в C:\xampp\htdocs\test2003\wp-content\themes\twentytwentythree -child\functions.php на строке 67

2023-08-24T10:39:09+00:00 CRITICAL syntax error, unexpected token ";", expecting "]" в C:\xampp\htdocs\test2003\wp-content\themes\twentytwentythree -child\functions.php на строке 43

2023-08-24T10:39:10+00:00 CRITICAL syntax error, unexpected token ";", expecting "]" в C:\xampp\htdocs\test2003\wp-content\themes\twentytwentythree -child\functions.php на строке 43

2023-08-24T10:43:44+00:00 CRITICAL Unmatched '}' в C:\xampp\htdocs\test2003\wp-content\themes\twentytwentythree -child\functions.php на строке 127

2023-08-24T10:43:44+00:00 CRITICAL Unmatched '}' в C:\xampp\htdocs\test2003\wp-content\themes\twentytwentythree -child\functions.php на строке 127

2023-08-24T10:43:46+00:00 CRITICAL Unmatched '}' в C:\xampp\htdocs\test2003\wp-content\themes\twentytwentythree -child\functions.php на строке 127

2023-08-24T10:47:47+00:00 CRITICAL Cannot redeclare wc_rest_set_uploaded_image_as_attachment() (previously declared in C:\xampp\htdocs\test2003\wp-content\plugins\woocommerce\includes\wc-rest-functions.php:134) в C:\xampp\htdocs\test2003\wp-content\themes\twentytwentythree -child\functions.php на строке 33

2023-08-24T10:47:47+00:00 CRITICAL Cannot redeclare wc_rest_set_uploaded_image_as_attachment() (previously declared in C:\xampp\htdocs\test2003\wp-content\plugins\woocommerce\includes\wc-rest-functions.php:134) в C:\xampp\htdocs\test2003\wp-content\themes\twentytwentythree -child\functions.php на строке 33

2023-08-24T10:47:48+00:00 CRITICAL Cannot redeclare wc_rest_set_uploaded_image_as_attachment() (previously declared in C:\xampp\htdocs\test2003\wp-content\plugins\woocommerce\includes\wc-rest-functions.php:134) в C:\xampp\htdocs\test2003\wp-content\themes\twentytwentythree -child\functions.php на строке 33

2023-08-24T10:48:01+00:00 CRITICAL Cannot redeclare wc_rest_set_uploaded_image_as_attachment() (previously declared in C:\xampp\htdocs\test2003\wp-content\plugins\woocommerce\includes\wc-rest-functions.php:134) в C:\xampp\htdocs\test2003\wp-content\themes\twentytwentythree -child\functions.php на строке 33

2023-08-24T10:48:26+00:00 CRITICAL Cannot redeclare wc_rest_upload_image_from_url() (previously declared in C:\xampp\htdocs\test2003\wp-content\plugins\woocommerce\includes\wc-rest-functions.php:69) в C:\xampp\htdocs\test2003\wp-content\themes\twentytwentythree -child\functions.php на строке 33

2023-08-24T10:48:27+00:00 CRITICAL Cannot redeclare wc_rest_upload_image_from_url() (previously declared in C:\xampp\htdocs\test2003\wp-content\plugins\woocommerce\includes\wc-rest-functions.php:69) в C:\xampp\htdocs\test2003\wp-content\themes\twentytwentythree -child\functions.php на строке 33

2023-08-24T10:48:38+00:00 CRITICAL Cannot redeclare wc_rest_upload_image_from_url() (previously declared in C:\xampp\htdocs\test2003\wp-content\plugins\woocommerce\includes\wc-rest-functions.php:69) в C:\xampp\htdocs\test2003\wp-content\themes\twentytwentythree -child\functions.php на строке 217

2023-08-24T10:49:09+00:00 CRITICAL Cannot redeclare woocommerce_wp_select() (previously declared in C:\xampp\htdocs\test2003\wp-content\themes\twentytwentythree -child\functions.php:217) в C:\xampp\htdocs\test2003\wp-content\plugins\woocommerce\includes\admin\wc-meta-box-functions.php на строке 193

2023-08-24T10:49:25+00:00 CRITICAL Cannot redeclare woocommerce_wp_select() (previously declared in C:\xampp\htdocs\test2003\wp-content\themes\twentytwentythree -child\functions.php:180) в C:\xampp\htdocs\test2003\wp-content\plugins\woocommerce\includes\admin\wc-meta-box-functions.php на строке 193

2023-08-24T10:49:27+00:00 CRITICAL Cannot redeclare woocommerce_wp_select() (previously declared in C:\xampp\htdocs\test2003\wp-content\themes\twentytwentythree -child\functions.php:180) в C:\xampp\htdocs\test2003\wp-content\plugins\woocommerce\includes\admin\wc-meta-box-functions.php на строке 193

2023-08-24T10:49:37+00:00 CRITICAL Cannot redeclare woocommerce_wp_select() (previously declared in C:\xampp\htdocs\test2003\wp-content\themes\twentytwentythree -child\functions.php:180) в C:\xampp\htdocs\test2003\wp-content\plugins\woocommerce\includes\admin\wc-meta-box-functions.php на строке 193

2023-08-24T10:49:40+00:00 CRITICAL Cannot redeclare woocommerce_wp_select() (previously declared in C:\xampp\htdocs\test2003\wp-content\themes\twentytwentythree -child\functions.php:180) в C:\xampp\htdocs\test2003\wp-content\plugins\woocommerce\includes\admin\wc-meta-box-functions.php на строке 193

2023-08-24T10:49:51+00:00 CRITICAL Cannot redeclare wc_rest_upload_image_from_url() (previously declared in C:\xampp\htdocs\test2003\wp-content\plugins\woocommerce\includes\wc-rest-functions.php:69) в C:\xampp\htdocs\test2003\wp-content\themes\twentytwentythree -child\functions.php на строке 217

2023-08-24T11:19:47+00:00 CRITICAL Uncaught Error: Object of class WP_Error could not be converted to string in C:\xampp\htdocs\test2003\wp-content\themes\twentytwentythree -child\functions.php:147
Stack trace:
#0 C:\xampp\htdocs\test2003\wp-includes\class-wp-hook.php(310): art_woo_add_custom_fields('')
#1 C:\xampp\htdocs\test2003\wp-includes\class-wp-hook.php(334): WP_Hook->apply_filters('', Array)
#2 C:\xampp\htdocs\test2003\wp-includes\plugin.php(517): WP_Hook->do_action(Array)
#3 C:\xampp\htdocs\test2003\wp-content\plugins\woocommerce\includes\admin\meta-boxes\views\html-product-data-general.php(206): do_action('woocommerce_pro...')
#4 C:\xampp\htdocs\test2003\wp-content\plugins\woocommerce\includes\admin\meta-boxes\class-wc-meta-box-product-data.php(42): include('C:\\xampp\\htdocs...')
#5 C:\xampp\htdocs\test2003\wp-content\plugins\woocommerce\includes\admin\meta-boxes\views\html-product-data-panel.php(52): WC_Meta_Box_Product_Data::output_tabs()
#6 C:\xampp\htdocs\test2003\wp-content\plugins\woocommerce\includes\admin\meta-boxes\class-wc-meta-box-product-data.php(33): include('C:\\xampp\\htdocs...')
#7 C:\xampp\htdocs\test2003\wp-admin\includes\template.php(1443): WC_Meta_Box_Product_Data::output(Object(WP_Post), Array)
#8 C:\xampp\htdocs\test2003\wp-admin\edit-form-advanced.php(688): do_meta_boxes(Object(WP_Screen), 'normal', Object(WP_Post))
#9 C:\xampp\htdocs\test2003\wp-admin\post.php(206): require('C:\\xampp\\htdocs...')
#10 {main}
  thrown в C:\xampp\htdocs\test2003\wp-content\themes\twentytwentythree -child\functions.php на строке 147

2023-08-24T11:19:49+00:00 CRITICAL Uncaught Error: Object of class WP_Error could not be converted to string in C:\xampp\htdocs\test2003\wp-content\themes\twentytwentythree -child\functions.php:147
Stack trace:
#0 C:\xampp\htdocs\test2003\wp-includes\class-wp-hook.php(310): art_woo_add_custom_fields('')
#1 C:\xampp\htdocs\test2003\wp-includes\class-wp-hook.php(334): WP_Hook->apply_filters('', Array)
#2 C:\xampp\htdocs\test2003\wp-includes\plugin.php(517): WP_Hook->do_action(Array)
#3 C:\xampp\htdocs\test2003\wp-content\plugins\woocommerce\includes\admin\meta-boxes\views\html-product-data-general.php(206): do_action('woocommerce_pro...')
#4 C:\xampp\htdocs\test2003\wp-content\plugins\woocommerce\includes\admin\meta-boxes\class-wc-meta-box-product-data.php(42): include('C:\\xampp\\htdocs...')
#5 C:\xampp\htdocs\test2003\wp-content\plugins\woocommerce\includes\admin\meta-boxes\views\html-product-data-panel.php(52): WC_Meta_Box_Product_Data::output_tabs()
#6 C:\xampp\htdocs\test2003\wp-content\plugins\woocommerce\includes\admin\meta-boxes\class-wc-meta-box-product-data.php(33): include('C:\\xampp\\htdocs...')
#7 C:\xampp\htdocs\test2003\wp-admin\includes\template.php(1443): WC_Meta_Box_Product_Data::output(Object(WP_Post), Array)
#8 C:\xampp\htdocs\test2003\wp-admin\edit-form-advanced.php(688): do_meta_boxes(Object(WP_Screen), 'normal', Object(WP_Post))
#9 C:\xampp\htdocs\test2003\wp-admin\post.php(206): require('C:\\xampp\\htdocs...')
#10 {main}
  thrown в C:\xampp\htdocs\test2003\wp-content\themes\twentytwentythree -child\functions.php на строке 147

2023-08-24T11:19:52+00:00 CRITICAL Uncaught Error: Object of class WP_Error could not be converted to string in C:\xampp\htdocs\test2003\wp-content\themes\twentytwentythree -child\functions.php:147
Stack trace:
#0 C:\xampp\htdocs\test2003\wp-includes\class-wp-hook.php(310): art_woo_add_custom_fields('')
#1 C:\xampp\htdocs\test2003\wp-includes\class-wp-hook.php(334): WP_Hook->apply_filters('', Array)
#2 C:\xampp\htdocs\test2003\wp-includes\plugin.php(517): WP_Hook->do_action(Array)
#3 C:\xampp\htdocs\test2003\wp-content\plugins\woocommerce\includes\admin\meta-boxes\views\html-product-data-general.php(206): do_action('woocommerce_pro...')
#4 C:\xampp\htdocs\test2003\wp-content\plugins\woocommerce\includes\admin\meta-boxes\class-wc-meta-box-product-data.php(42): include('C:\\xampp\\htdocs...')
#5 C:\xampp\htdocs\test2003\wp-content\plugins\woocommerce\includes\admin\meta-boxes\views\html-product-data-panel.php(52): WC_Meta_Box_Product_Data::output_tabs()
#6 C:\xampp\htdocs\test2003\wp-content\plugins\woocommerce\includes\admin\meta-boxes\class-wc-meta-box-product-data.php(33): include('C:\\xampp\\htdocs...')
#7 C:\xampp\htdocs\test2003\wp-admin\includes\template.php(1443): WC_Meta_Box_Product_Data::output(Object(WP_Post), Array)
#8 C:\xampp\htdocs\test2003\wp-admin\edit-form-advanced.php(688): do_meta_boxes(Object(WP_Screen), 'normal', Object(WP_Post))
#9 C:\xampp\htdocs\test2003\wp-admin\post.php(206): require('C:\\xampp\\htdocs...')
#10 {main}
  thrown в C:\xampp\htdocs\test2003\wp-content\themes\twentytwentythree -child\functions.php на строке 147

2023-08-24T11:19:52+00:00 CRITICAL Uncaught Error: Object of class WP_Error could not be converted to string in C:\xampp\htdocs\test2003\wp-content\themes\twentytwentythree -child\functions.php:147
Stack trace:
#0 C:\xampp\htdocs\test2003\wp-includes\class-wp-hook.php(310): art_woo_add_custom_fields('')
#1 C:\xampp\htdocs\test2003\wp-includes\class-wp-hook.php(334): WP_Hook->apply_filters('', Array)
#2 C:\xampp\htdocs\test2003\wp-includes\plugin.php(517): WP_Hook->do_action(Array)
#3 C:\xampp\htdocs\test2003\wp-content\plugins\woocommerce\includes\admin\meta-boxes\views\html-product-data-general.php(206): do_action('woocommerce_pro...')
#4 C:\xampp\htdocs\test2003\wp-content\plugins\woocommerce\includes\admin\meta-boxes\class-wc-meta-box-product-data.php(42): include('C:\\xampp\\htdocs...')
#5 C:\xampp\htdocs\test2003\wp-content\plugins\woocommerce\includes\admin\meta-boxes\views\html-product-data-panel.php(52): WC_Meta_Box_Product_Data::output_tabs()
#6 C:\xampp\htdocs\test2003\wp-content\plugins\woocommerce\includes\admin\meta-boxes\class-wc-meta-box-product-data.php(33): include('C:\\xampp\\htdocs...')
#7 C:\xampp\htdocs\test2003\wp-admin\includes\template.php(1443): WC_Meta_Box_Product_Data::output(Object(WP_Post), Array)
#8 C:\xampp\htdocs\test2003\wp-admin\edit-form-advanced.php(688): do_meta_boxes(Object(WP_Screen), 'normal', Object(WP_Post))
#9 C:\xampp\htdocs\test2003\wp-admin\post.php(206): require('C:\\xampp\\htdocs...')
#10 {main}
  thrown в C:\xampp\htdocs\test2003\wp-content\themes\twentytwentythree -child\functions.php на строке 147

2023-08-24T11:19:53+00:00 CRITICAL Uncaught Error: Object of class WP_Error could not be converted to string in C:\xampp\htdocs\test2003\wp-content\themes\twentytwentythree -child\functions.php:147
Stack trace:
#0 C:\xampp\htdocs\test2003\wp-includes\class-wp-hook.php(310): art_woo_add_custom_fields('')
#1 C:\xampp\htdocs\test2003\wp-includes\class-wp-hook.php(334): WP_Hook->apply_filters('', Array)
#2 C:\xampp\htdocs\test2003\wp-includes\plugin.php(517): WP_Hook->do_action(Array)
#3 C:\xampp\htdocs\test2003\wp-content\plugins\woocommerce\includes\admin\meta-boxes\views\html-product-data-general.php(206): do_action('woocommerce_pro...')
#4 C:\xampp\htdocs\test2003\wp-content\plugins\woocommerce\includes\admin\meta-boxes\class-wc-meta-box-product-data.php(42): include('C:\\xampp\\htdocs...')
#5 C:\xampp\htdocs\test2003\wp-content\plugins\woocommerce\includes\admin\meta-boxes\views\html-product-data-panel.php(52): WC_Meta_Box_Product_Data::output_tabs()
#6 C:\xampp\htdocs\test2003\wp-content\plugins\woocommerce\includes\admin\meta-boxes\class-wc-meta-box-product-data.php(33): include('C:\\xampp\\htdocs...')
#7 C:\xampp\htdocs\test2003\wp-admin\includes\template.php(1443): WC_Meta_Box_Product_Data::output(Object(WP_Post), Array)
#8 C:\xampp\htdocs\test2003\wp-admin\edit-form-advanced.php(688): do_meta_boxes(Object(WP_Screen), 'normal', Object(WP_Post))
#9 C:\xampp\htdocs\test2003\wp-admin\post.php(206): require('C:\\xampp\\htdocs...')
#10 {main}
  thrown в C:\xampp\htdocs\test2003\wp-content\themes\twentytwentythree -child\functions.php на строке 147

2023-08-24T11:19:54+00:00 CRITICAL Uncaught Error: Object of class WP_Error could not be converted to string in C:\xampp\htdocs\test2003\wp-content\themes\twentytwentythree -child\functions.php:147
Stack trace:
#0 C:\xampp\htdocs\test2003\wp-includes\class-wp-hook.php(310): art_woo_add_custom_fields('')
#1 C:\xampp\htdocs\test2003\wp-includes\class-wp-hook.php(334): WP_Hook->apply_filters('', Array)
#2 C:\xampp\htdocs\test2003\wp-includes\plugin.php(517): WP_Hook->do_action(Array)
#3 C:\xampp\htdocs\test2003\wp-content\plugins\woocommerce\includes\admin\meta-boxes\views\html-product-data-general.php(206): do_action('woocommerce_pro...')
#4 C:\xampp\htdocs\test2003\wp-content\plugins\woocommerce\includes\admin\meta-boxes\class-wc-meta-box-product-data.php(42): include('C:\\xampp\\htdocs...')
#5 C:\xampp\htdocs\test2003\wp-content\plugins\woocommerce\includes\admin\meta-boxes\views\html-product-data-panel.php(52): WC_Meta_Box_Product_Data::output_tabs()
#6 C:\xampp\htdocs\test2003\wp-content\plugins\woocommerce\includes\admin\meta-boxes\class-wc-meta-box-product-data.php(33): include('C:\\xampp\\htdocs...')
#7 C:\xampp\htdocs\test2003\wp-admin\includes\template.php(1443): WC_Meta_Box_Product_Data::output(Object(WP_Post), Array)
#8 C:\xampp\htdocs\test2003\wp-admin\edit-form-advanced.php(688): do_meta_boxes(Object(WP_Screen), 'normal', Object(WP_Post))
#9 C:\xampp\htdocs\test2003\wp-admin\post.php(206): require('C:\\xampp\\htdocs...')
#10 {main}
  thrown в C:\xampp\htdocs\test2003\wp-content\themes\twentytwentythree -child\functions.php на строке 147

2023-08-24T11:19:57+00:00 CRITICAL Uncaught Error: Object of class WP_Error could not be converted to string in C:\xampp\htdocs\test2003\wp-content\themes\twentytwentythree -child\functions.php:147
Stack trace:
#0 C:\xampp\htdocs\test2003\wp-includes\class-wp-hook.php(310): art_woo_add_custom_fields('')
#1 C:\xampp\htdocs\test2003\wp-includes\class-wp-hook.php(334): WP_Hook->apply_filters('', Array)
#2 C:\xampp\htdocs\test2003\wp-includes\plugin.php(517): WP_Hook->do_action(Array)
#3 C:\xampp\htdocs\test2003\wp-content\plugins\woocommerce\includes\admin\meta-boxes\views\html-product-data-general.php(206): do_action('woocommerce_pro...')
#4 C:\xampp\htdocs\test2003\wp-content\plugins\woocommerce\includes\admin\meta-boxes\class-wc-meta-box-product-data.php(42): include('C:\\xampp\\htdocs...')
#5 C:\xampp\htdocs\test2003\wp-content\plugins\woocommerce\includes\admin\meta-boxes\views\html-product-data-panel.php(52): WC_Meta_Box_Product_Data::output_tabs()
#6 C:\xampp\htdocs\test2003\wp-content\plugins\woocommerce\includes\admin\meta-boxes\class-wc-meta-box-product-data.php(33): include('C:\\xampp\\htdocs...')
#7 C:\xampp\htdocs\test2003\wp-admin\includes\template.php(1443): WC_Meta_Box_Product_Data::output(Object(WP_Post), Array)
#8 C:\xampp\htdocs\test2003\wp-admin\edit-form-advanced.php(688): do_meta_boxes(Object(WP_Screen), 'normal', Object(WP_Post))
#9 C:\xampp\htdocs\test2003\wp-admin\post.php(206): require('C:\\xampp\\htdocs...')
#10 {main}
  thrown в C:\xampp\htdocs\test2003\wp-content\themes\twentytwentythree -child\functions.php на строке 147

2023-08-24T11:19:59+00:00 CRITICAL Uncaught Error: Object of class WP_Error could not be converted to string in C:\xampp\htdocs\test2003\wp-content\themes\twentytwentythree -child\functions.php:147
Stack trace:
#0 C:\xampp\htdocs\test2003\wp-includes\class-wp-hook.php(310): art_woo_add_custom_fields('')
#1 C:\xampp\htdocs\test2003\wp-includes\class-wp-hook.php(334): WP_Hook->apply_filters('', Array)
#2 C:\xampp\htdocs\test2003\wp-includes\plugin.php(517): WP_Hook->do_action(Array)
#3 C:\xampp\htdocs\test2003\wp-content\plugins\woocommerce\includes\admin\meta-boxes\views\html-product-data-general.php(206): do_action('woocommerce_pro...')
#4 C:\xampp\htdocs\test2003\wp-content\plugins\woocommerce\includes\admin\meta-boxes\class-wc-meta-box-product-data.php(42): include('C:\\xampp\\htdocs...')
#5 C:\xampp\htdocs\test2003\wp-content\plugins\woocommerce\includes\admin\meta-boxes\views\html-product-data-panel.php(52): WC_Meta_Box_Product_Data::output_tabs()
#6 C:\xampp\htdocs\test2003\wp-content\plugins\woocommerce\includes\admin\meta-boxes\class-wc-meta-box-product-data.php(33): include('C:\\xampp\\htdocs...')
#7 C:\xampp\htdocs\test2003\wp-admin\includes\template.php(1443): WC_Meta_Box_Product_Data::output(Object(WP_Post), Array)
#8 C:\xampp\htdocs\test2003\wp-admin\edit-form-advanced.php(688): do_meta_boxes(Object(WP_Screen), 'normal', Object(WP_Post))
#9 C:\xampp\htdocs\test2003\wp-admin\post.php(206): require('C:\\xampp\\htdocs...')
#10 {main}
  thrown в C:\xampp\htdocs\test2003\wp-content\themes\twentytwentythree -child\functions.php на строке 147

2023-08-24T11:20:00+00:00 CRITICAL Uncaught Error: Object of class WP_Error could not be converted to string in C:\xampp\htdocs\test2003\wp-content\themes\twentytwentythree -child\functions.php:147
Stack trace:
#0 C:\xampp\htdocs\test2003\wp-includes\class-wp-hook.php(310): art_woo_add_custom_fields('')
#1 C:\xampp\htdocs\test2003\wp-includes\class-wp-hook.php(334): WP_Hook->apply_filters('', Array)
#2 C:\xampp\htdocs\test2003\wp-includes\plugin.php(517): WP_Hook->do_action(Array)
#3 C:\xampp\htdocs\test2003\wp-content\plugins\woocommerce\includes\admin\meta-boxes\views\html-product-data-general.php(206): do_action('woocommerce_pro...')
#4 C:\xampp\htdocs\test2003\wp-content\plugins\woocommerce\includes\admin\meta-boxes\class-wc-meta-box-product-data.php(42): include('C:\\xampp\\htdocs...')
#5 C:\xampp\htdocs\test2003\wp-content\plugins\woocommerce\includes\admin\meta-boxes\views\html-product-data-panel.php(52): WC_Meta_Box_Product_Data::output_tabs()
#6 C:\xampp\htdocs\test2003\wp-content\plugins\woocommerce\includes\admin\meta-boxes\class-wc-meta-box-product-data.php(33): include('C:\\xampp\\htdocs...')
#7 C:\xampp\htdocs\test2003\wp-admin\includes\template.php(1443): WC_Meta_Box_Product_Data::output(Object(WP_Post), Array)
#8 C:\xampp\htdocs\test2003\wp-admin\edit-form-advanced.php(688): do_meta_boxes(Object(WP_Screen), 'normal', Object(WP_Post))
#9 C:\xampp\htdocs\test2003\wp-admin\post.php(206): require('C:\\xampp\\htdocs...')
#10 {main}
  thrown в C:\xampp\htdocs\test2003\wp-content\themes\twentytwentythree -child\functions.php на строке 147

2023-08-24T11:20:08+00:00 CRITICAL Uncaught Error: Object of class WP_Error could not be converted to string in C:\xampp\htdocs\test2003\wp-content\themes\twentytwentythree -child\functions.php:147
Stack trace:
#0 C:\xampp\htdocs\test2003\wp-includes\class-wp-hook.php(310): art_woo_add_custom_fields('')
#1 C:\xampp\htdocs\test2003\wp-includes\class-wp-hook.php(334): WP_Hook->apply_filters('', Array)
#2 C:\xampp\htdocs\test2003\wp-includes\plugin.php(517): WP_Hook->do_action(Array)
#3 C:\xampp\htdocs\test2003\wp-content\plugins\woocommerce\includes\admin\meta-boxes\views\html-product-data-general.php(206): do_action('woocommerce_pro...')
#4 C:\xampp\htdocs\test2003\wp-content\plugins\woocommerce\includes\admin\meta-boxes\class-wc-meta-box-product-data.php(42): include('C:\\xampp\\htdocs...')
#5 C:\xampp\htdocs\test2003\wp-content\plugins\woocommerce\includes\admin\meta-boxes\views\html-product-data-panel.php(52): WC_Meta_Box_Product_Data::output_tabs()
#6 C:\xampp\htdocs\test2003\wp-content\plugins\woocommerce\includes\admin\meta-boxes\class-wc-meta-box-product-data.php(33): include('C:\\xampp\\htdocs...')
#7 C:\xampp\htdocs\test2003\wp-admin\includes\template.php(1443): WC_Meta_Box_Product_Data::output(Object(WP_Post), Array)
#8 C:\xampp\htdocs\test2003\wp-admin\edit-form-advanced.php(688): do_meta_boxes(Object(WP_Screen), 'normal', Object(WP_Post))
#9 C:\xampp\htdocs\test2003\wp-admin\post.php(206): require('C:\\xampp\\htdocs...')
#10 {main}
  thrown в C:\xampp\htdocs\test2003\wp-content\themes\twentytwentythree -child\functions.php на строке 147

2023-08-24T11:20:17+00:00 CRITICAL Uncaught Error: Object of class WP_Error could not be converted to string in C:\xampp\htdocs\test2003\wp-content\themes\twentytwentythree -child\functions.php:147
Stack trace:
#0 C:\xampp\htdocs\test2003\wp-includes\class-wp-hook.php(310): art_woo_add_custom_fields('')
#1 C:\xampp\htdocs\test2003\wp-includes\class-wp-hook.php(334): WP_Hook->apply_filters('', Array)
#2 C:\xampp\htdocs\test2003\wp-includes\plugin.php(517): WP_Hook->do_action(Array)
#3 C:\xampp\htdocs\test2003\wp-content\plugins\woocommerce\includes\admin\meta-boxes\views\html-product-data-general.php(206): do_action('woocommerce_pro...')
#4 C:\xampp\htdocs\test2003\wp-content\plugins\woocommerce\includes\admin\meta-boxes\class-wc-meta-box-product-data.php(42): include('C:\\xampp\\htdocs...')
#5 C:\xampp\htdocs\test2003\wp-content\plugins\woocommerce\includes\admin\meta-boxes\views\html-product-data-panel.php(52): WC_Meta_Box_Product_Data::output_tabs()
#6 C:\xampp\htdocs\test2003\wp-content\plugins\woocommerce\includes\admin\meta-boxes\class-wc-meta-box-product-data.php(33): include('C:\\xampp\\htdocs...')
#7 C:\xampp\htdocs\test2003\wp-admin\includes\template.php(1443): WC_Meta_Box_Product_Data::output(Object(WP_Post), Array)
#8 C:\xampp\htdocs\test2003\wp-admin\edit-form-advanced.php(688): do_meta_boxes(Object(WP_Screen), 'normal', Object(WP_Post))
#9 C:\xampp\htdocs\test2003\wp-admin\post.php(206): require('C:\\xampp\\htdocs...')
#10 {main}
  thrown в C:\xampp\htdocs\test2003\wp-content\themes\twentytwentythree -child\functions.php на строке 147

2023-08-24T11:20:34+00:00 CRITICAL Uncaught Error: Object of class WP_Error could not be converted to string in C:\xampp\htdocs\test2003\wp-content\themes\twentytwentythree -child\functions.php:147
Stack trace:
#0 C:\xampp\htdocs\test2003\wp-includes\class-wp-hook.php(310): art_woo_add_custom_fields('')
#1 C:\xampp\htdocs\test2003\wp-includes\class-wp-hook.php(334): WP_Hook->apply_filters('', Array)
#2 C:\xampp\htdocs\test2003\wp-includes\plugin.php(517): WP_Hook->do_action(Array)
#3 C:\xampp\htdocs\test2003\wp-content\plugins\woocommerce\includes\admin\meta-boxes\views\html-product-data-general.php(206): do_action('woocommerce_pro...')
#4 C:\xampp\htdocs\test2003\wp-content\plugins\woocommerce\includes\admin\meta-boxes\class-wc-meta-box-product-data.php(42): include('C:\\xampp\\htdocs...')
#5 C:\xampp\htdocs\test2003\wp-content\plugins\woocommerce\includes\admin\meta-boxes\views\html-product-data-panel.php(52): WC_Meta_Box_Product_Data::output_tabs()
#6 C:\xampp\htdocs\test2003\wp-content\plugins\woocommerce\includes\admin\meta-boxes\class-wc-meta-box-product-data.php(33): include('C:\\xampp\\htdocs...')
#7 C:\xampp\htdocs\test2003\wp-admin\includes\template.php(1443): WC_Meta_Box_Product_Data::output(Object(WP_Post), Array)
#8 C:\xampp\htdocs\test2003\wp-admin\edit-form-advanced.php(688): do_meta_boxes(Object(WP_Screen), 'normal', Object(WP_Post))
#9 C:\xampp\htdocs\test2003\wp-admin\post.php(206): require('C:\\xampp\\htdocs...')
#10 {main}
  thrown в C:\xampp\htdocs\test2003\wp-content\themes\twentytwentythree -child\functions.php на строке 147

2023-08-24T11:20:38+00:00 CRITICAL Uncaught Error: Object of class WP_Error could not be converted to string in C:\xampp\htdocs\test2003\wp-content\themes\twentytwentythree -child\functions.php:147
Stack trace:
#0 C:\xampp\htdocs\test2003\wp-includes\class-wp-hook.php(310): art_woo_add_custom_fields('')
#1 C:\xampp\htdocs\test2003\wp-includes\class-wp-hook.php(334): WP_Hook->apply_filters('', Array)
#2 C:\xampp\htdocs\test2003\wp-includes\plugin.php(517): WP_Hook->do_action(Array)
#3 C:\xampp\htdocs\test2003\wp-content\plugins\woocommerce\includes\admin\meta-boxes\views\html-product-data-general.php(206): do_action('woocommerce_pro...')
#4 C:\xampp\htdocs\test2003\wp-content\plugins\woocommerce\includes\admin\meta-boxes\class-wc-meta-box-product-data.php(42): include('C:\\xampp\\htdocs...')
#5 C:\xampp\htdocs\test2003\wp-content\plugins\woocommerce\includes\admin\meta-boxes\views\html-product-data-panel.php(52): WC_Meta_Box_Product_Data::output_tabs()
#6 C:\xampp\htdocs\test2003\wp-content\plugins\woocommerce\includes\admin\meta-boxes\class-wc-meta-box-product-data.php(33): include('C:\\xampp\\htdocs...')
#7 C:\xampp\htdocs\test2003\wp-admin\includes\template.php(1443): WC_Meta_Box_Product_Data::output(Object(WP_Post), Array)
#8 C:\xampp\htdocs\test2003\wp-admin\edit-form-advanced.php(688): do_meta_boxes(Object(WP_Screen), 'normal', Object(WP_Post))
#9 C:\xampp\htdocs\test2003\wp-admin\post.php(206): require('C:\\xampp\\htdocs...')
#10 {main}
  thrown в C:\xampp\htdocs\test2003\wp-content\themes\twentytwentythree -child\functions.php на строке 147

2023-08-24T11:20:53+00:00 CRITICAL Uncaught Error: Object of class WP_Error could not be converted to string in C:\xampp\htdocs\test2003\wp-content\themes\twentytwentythree -child\functions.php:147
Stack trace:
#0 C:\xampp\htdocs\test2003\wp-includes\class-wp-hook.php(310): art_woo_add_custom_fields('')
#1 C:\xampp\htdocs\test2003\wp-includes\class-wp-hook.php(334): WP_Hook->apply_filters('', Array)
#2 C:\xampp\htdocs\test2003\wp-includes\plugin.php(517): WP_Hook->do_action(Array)
#3 C:\xampp\htdocs\test2003\wp-content\plugins\woocommerce\includes\admin\meta-boxes\views\html-product-data-general.php(206): do_action('woocommerce_pro...')
#4 C:\xampp\htdocs\test2003\wp-content\plugins\woocommerce\includes\admin\meta-boxes\class-wc-meta-box-product-data.php(42): include('C:\\xampp\\htdocs...')
#5 C:\xampp\htdocs\test2003\wp-content\plugins\woocommerce\includes\admin\meta-boxes\views\html-product-data-panel.php(52): WC_Meta_Box_Product_Data::output_tabs()
#6 C:\xampp\htdocs\test2003\wp-content\plugins\woocommerce\includes\admin\meta-boxes\class-wc-meta-box-product-data.php(33): include('C:\\xampp\\htdocs...')
#7 C:\xampp\htdocs\test2003\wp-admin\includes\template.php(1443): WC_Meta_Box_Product_Data::output(Object(WP_Post), Array)
#8 C:\xampp\htdocs\test2003\wp-admin\edit-form-advanced.php(688): do_meta_boxes(Object(WP_Screen), 'normal', Object(WP_Post))
#9 C:\xampp\htdocs\test2003\wp-admin\post.php(206): require('C:\\xampp\\htdocs...')
#10 {main}
  thrown в C:\xampp\htdocs\test2003\wp-content\themes\twentytwentythree -child\functions.php на строке 147

2023-08-24T11:21:01+00:00 CRITICAL Uncaught Error: Object of class WP_Error could not be converted to string in C:\xampp\htdocs\test2003\wp-content\themes\twentytwentythree -child\functions.php:147
Stack trace:
#0 C:\xampp\htdocs\test2003\wp-includes\class-wp-hook.php(310): art_woo_add_custom_fields('')
#1 C:\xampp\htdocs\test2003\wp-includes\class-wp-hook.php(334): WP_Hook->apply_filters('', Array)
#2 C:\xampp\htdocs\test2003\wp-includes\plugin.php(517): WP_Hook->do_action(Array)
#3 C:\xampp\htdocs\test2003\wp-content\plugins\woocommerce\includes\admin\meta-boxes\views\html-product-data-general.php(206): do_action('woocommerce_pro...')
#4 C:\xampp\htdocs\test2003\wp-content\plugins\woocommerce\includes\admin\meta-boxes\class-wc-meta-box-product-data.php(42): include('C:\\xampp\\htdocs...')
#5 C:\xampp\htdocs\test2003\wp-content\plugins\woocommerce\includes\admin\meta-boxes\views\html-product-data-panel.php(52): WC_Meta_Box_Product_Data::output_tabs()
#6 C:\xampp\htdocs\test2003\wp-content\plugins\woocommerce\includes\admin\meta-boxes\class-wc-meta-box-product-data.php(33): include('C:\\xampp\\htdocs...')
#7 C:\xampp\htdocs\test2003\wp-admin\includes\template.php(1443): WC_Meta_Box_Product_Data::output(Object(WP_Post), Array)
#8 C:\xampp\htdocs\test2003\wp-admin\edit-form-advanced.php(688): do_meta_boxes(Object(WP_Screen), 'normal', Object(WP_Post))
#9 C:\xampp\htdocs\test2003\wp-admin\post.php(206): require('C:\\xampp\\htdocs...')
#10 {main}
  thrown в C:\xampp\htdocs\test2003\wp-content\themes\twentytwentythree -child\functions.php на строке 147

2023-08-24T11:27:17+00:00 CRITICAL Uncaught ArgumentCountError: Too few arguments to function wc_rest_upload_image_from_url(), 0 passed in C:\xampp\htdocs\test2003\wp-content\themes\twentytwentythree -child\functions.php on line 147 and exactly 1 expected in C:\xampp\htdocs\test2003\wp-content\plugins\woocommerce\includes\wc-rest-functions.php:69
Stack trace:
#0 C:\xampp\htdocs\test2003\wp-content\themes\twentytwentythree -child\functions.php(147): wc_rest_upload_image_from_url()
#1 C:\xampp\htdocs\test2003\wp-includes\class-wp-hook.php(310): art_woo_add_custom_fields('')
#2 C:\xampp\htdocs\test2003\wp-includes\class-wp-hook.php(334): WP_Hook->apply_filters('', Array)
#3 C:\xampp\htdocs\test2003\wp-includes\plugin.php(517): WP_Hook->do_action(Array)
#4 C:\xampp\htdocs\test2003\wp-content\plugins\woocommerce\includes\admin\meta-boxes\views\html-product-data-general.php(206): do_action('woocommerce_pro...')
#5 C:\xampp\htdocs\test2003\wp-content\plugins\woocommerce\includes\admin\meta-boxes\class-wc-meta-box-product-data.php(42): include('C:\\xampp\\htdocs...')
#6 C:\xampp\htdocs\test2003\wp-content\plugins\woocommerce\includes\admin\meta-boxes\views\html-product-data-panel.php(52): WC_Meta_Box_Product_Data::output_tabs()
#7 C:\xampp\htdocs\test2003\wp-content\plugins\woocommerce\includes\admin\meta-boxes\class-wc-meta-box-product-data.php(33): include('C:\\xampp\\htdocs...')
#8 C:\xampp\htdocs\test2003\wp-admin\includes\template.php(1443): WC_Meta_Box_Product_Data::output(Object(WP_Post), Array)
#9 C:\xampp\htdocs\test2003\wp-admin\edit-form-advanced.php(688): do_meta_boxes(Object(WP_Screen), 'normal', Object(WP_Post))
#10 C:\xampp\htdocs\test2003\wp-admin\post.php(206): require('C:\\xampp\\htdocs...')
#11 {main}
  thrown в C:\xampp\htdocs\test2003\wp-content\plugins\woocommerce\includes\wc-rest-functions.php на строке 69

2023-08-24T11:30:07+00:00 CRITICAL Uncaught ArgumentCountError: Too few arguments to function wc_rest_upload_image_from_url(), 0 passed in C:\xampp\htdocs\test2003\wp-content\themes\twentytwentythree -child\functions.php on line 147 and exactly 1 expected in C:\xampp\htdocs\test2003\wp-content\plugins\woocommerce\includes\wc-rest-functions.php:69
Stack trace:
#0 C:\xampp\htdocs\test2003\wp-content\themes\twentytwentythree -child\functions.php(147): wc_rest_upload_image_from_url()
#1 C:\xampp\htdocs\test2003\wp-includes\class-wp-hook.php(310): art_woo_add_custom_fields('')
#2 C:\xampp\htdocs\test2003\wp-includes\class-wp-hook.php(334): WP_Hook->apply_filters('', Array)
#3 C:\xampp\htdocs\test2003\wp-includes\plugin.php(517): WP_Hook->do_action(Array)
#4 C:\xampp\htdocs\test2003\wp-content\plugins\woocommerce\includes\admin\meta-boxes\views\html-product-data-general.php(206): do_action('woocommerce_pro...')
#5 C:\xampp\htdocs\test2003\wp-content\plugins\woocommerce\includes\admin\meta-boxes\class-wc-meta-box-product-data.php(42): include('C:\\xampp\\htdocs...')
#6 C:\xampp\htdocs\test2003\wp-content\plugins\woocommerce\includes\admin\meta-boxes\views\html-product-data-panel.php(52): WC_Meta_Box_Product_Data::output_tabs()
#7 C:\xampp\htdocs\test2003\wp-content\plugins\woocommerce\includes\admin\meta-boxes\class-wc-meta-box-product-data.php(33): include('C:\\xampp\\htdocs...')
#8 C:\xampp\htdocs\test2003\wp-admin\includes\template.php(1443): WC_Meta_Box_Product_Data::output(Object(WP_Post), Array)
#9 C:\xampp\htdocs\test2003\wp-admin\edit-form-advanced.php(688): do_meta_boxes(Object(WP_Screen), 'normal', Object(WP_Post))
#10 C:\xampp\htdocs\test2003\wp-admin\post.php(206): require('C:\\xampp\\htdocs...')
#11 {main}
  thrown в C:\xampp\htdocs\test2003\wp-content\plugins\woocommerce\includes\wc-rest-functions.php на строке 69

2023-08-24T12:07:40+00:00 CRITICAL Uncaught Error: Call to a member function add_field() on null in C:\xampp\htdocs\test2003\wp-content\themes\twentytwentythree -child\functions.php:124
Stack trace:
#0 C:\xampp\htdocs\test2003\wp-includes\class-wp-hook.php(310): art_woo_add_custom_fields('')
#1 C:\xampp\htdocs\test2003\wp-includes\class-wp-hook.php(334): WP_Hook->apply_filters('', Array)
#2 C:\xampp\htdocs\test2003\wp-includes\plugin.php(517): WP_Hook->do_action(Array)
#3 C:\xampp\htdocs\test2003\wp-content\plugins\woocommerce\includes\admin\meta-boxes\views\html-product-data-general.php(206): do_action('woocommerce_pro...')
#4 C:\xampp\htdocs\test2003\wp-content\plugins\woocommerce\includes\admin\meta-boxes\class-wc-meta-box-product-data.php(42): include('C:\\xampp\\htdocs...')
#5 C:\xampp\htdocs\test2003\wp-content\plugins\woocommerce\includes\admin\meta-boxes\views\html-product-data-panel.php(52): WC_Meta_Box_Product_Data::output_tabs()
#6 C:\xampp\htdocs\test2003\wp-content\plugins\woocommerce\includes\admin\meta-boxes\class-wc-meta-box-product-data.php(33): include('C:\\xampp\\htdocs...')
#7 C:\xampp\htdocs\test2003\wp-admin\includes\template.php(1443): WC_Meta_Box_Product_Data::output(Object(WP_Post), Array)
#8 C:\xampp\htdocs\test2003\wp-admin\edit-form-advanced.php(688): do_meta_boxes(Object(WP_Screen), 'normal', Object(WP_Post))
#9 C:\xampp\htdocs\test2003\wp-admin\post.php(206): require('C:\\xampp\\htdocs...')
#10 {main}
  thrown в C:\xampp\htdocs\test2003\wp-content\themes\twentytwentythree -child\functions.php на строке 124

2023-08-24T12:17:19+00:00 CRITICAL Uncaught Error: Call to a member function add_field() on null in C:\xampp\htdocs\test2003\wp-content\themes\twentytwentythree -child\functions.php:124
Stack trace:
#0 C:\xampp\htdocs\test2003\wp-includes\class-wp-hook.php(310): art_woo_add_custom_fields('')
#1 C:\xampp\htdocs\test2003\wp-includes\class-wp-hook.php(334): WP_Hook->apply_filters('', Array)
#2 C:\xampp\htdocs\test2003\wp-includes\plugin.php(517): WP_Hook->do_action(Array)
#3 C:\xampp\htdocs\test2003\wp-content\plugins\woocommerce\includes\admin\meta-boxes\views\html-product-data-general.php(206): do_action('woocommerce_pro...')
#4 C:\xampp\htdocs\test2003\wp-content\plugins\woocommerce\includes\admin\meta-boxes\class-wc-meta-box-product-data.php(42): include('C:\\xampp\\htdocs...')
#5 C:\xampp\htdocs\test2003\wp-content\plugins\woocommerce\includes\admin\meta-boxes\views\html-product-data-panel.php(52): WC_Meta_Box_Product_Data::output_tabs()
#6 C:\xampp\htdocs\test2003\wp-content\plugins\woocommerce\includes\admin\meta-boxes\class-wc-meta-box-product-data.php(33): include('C:\\xampp\\htdocs...')
#7 C:\xampp\htdocs\test2003\wp-admin\includes\template.php(1443): WC_Meta_Box_Product_Data::output(Object(WP_Post), Array)
#8 C:\xampp\htdocs\test2003\wp-admin\edit-form-advanced.php(688): do_meta_boxes(Object(WP_Screen), 'normal', Object(WP_Post))
#9 C:\xampp\htdocs\test2003\wp-admin\post.php(206): require('C:\\xampp\\htdocs...')
#10 {main}
  thrown в C:\xampp\htdocs\test2003\wp-content\themes\twentytwentythree -child\functions.php на строке 124

2023-08-24T12:17:28+00:00 CRITICAL Uncaught Error: Call to a member function add_field() on null in C:\xampp\htdocs\test2003\wp-content\themes\twentytwentythree -child\functions.php:124
Stack trace:
#0 C:\xampp\htdocs\test2003\wp-includes\class-wp-hook.php(310): art_woo_add_custom_fields('')
#1 C:\xampp\htdocs\test2003\wp-includes\class-wp-hook.php(334): WP_Hook->apply_filters('', Array)
#2 C:\xampp\htdocs\test2003\wp-includes\plugin.php(517): WP_Hook->do_action(Array)
#3 C:\xampp\htdocs\test2003\wp-content\plugins\woocommerce\includes\admin\meta-boxes\views\html-product-data-general.php(206): do_action('woocommerce_pro...')
#4 C:\xampp\htdocs\test2003\wp-content\plugins\woocommerce\includes\admin\meta-boxes\class-wc-meta-box-product-data.php(42): include('C:\\xampp\\htdocs...')
#5 C:\xampp\htdocs\test2003\wp-content\plugins\woocommerce\includes\admin\meta-boxes\views\html-product-data-panel.php(52): WC_Meta_Box_Product_Data::output_tabs()
#6 C:\xampp\htdocs\test2003\wp-content\plugins\woocommerce\includes\admin\meta-boxes\class-wc-meta-box-product-data.php(33): include('C:\\xampp\\htdocs...')
#7 C:\xampp\htdocs\test2003\wp-admin\includes\template.php(1443): WC_Meta_Box_Product_Data::output(Object(WP_Post), Array)
#8 C:\xampp\htdocs\test2003\wp-admin\edit-form-advanced.php(688): do_meta_boxes(Object(WP_Screen), 'normal', Object(WP_Post))
#9 C:\xampp\htdocs\test2003\wp-admin\post.php(206): require('C:\\xampp\\htdocs...')
#10 {main}
  thrown в C:\xampp\htdocs\test2003\wp-content\themes\twentytwentythree -child\functions.php на строке 124

2023-08-24T12:25:01+00:00 CRITICAL Uncaught Error: Call to a member function add_field() on null in C:\xampp\htdocs\test2003\wp-content\themes\twentytwentythree -child\functions.php:124
Stack trace:
#0 C:\xampp\htdocs\test2003\wp-includes\class-wp-hook.php(310): art_woo_add_custom_fields('')
#1 C:\xampp\htdocs\test2003\wp-includes\class-wp-hook.php(334): WP_Hook->apply_filters('', Array)
#2 C:\xampp\htdocs\test2003\wp-includes\plugin.php(517): WP_Hook->do_action(Array)
#3 C:\xampp\htdocs\test2003\wp-content\plugins\woocommerce\includes\admin\meta-boxes\views\html-product-data-general.php(206): do_action('woocommerce_pro...')
#4 C:\xampp\htdocs\test2003\wp-content\plugins\woocommerce\includes\admin\meta-boxes\class-wc-meta-box-product-data.php(42): include('C:\\xampp\\htdocs...')
#5 C:\xampp\htdocs\test2003\wp-content\plugins\woocommerce\includes\admin\meta-boxes\views\html-product-data-panel.php(52): WC_Meta_Box_Product_Data::output_tabs()
#6 C:\xampp\htdocs\test2003\wp-content\plugins\woocommerce\includes\admin\meta-boxes\class-wc-meta-box-product-data.php(33): include('C:\\xampp\\htdocs...')
#7 C:\xampp\htdocs\test2003\wp-admin\includes\template.php(1443): WC_Meta_Box_Product_Data::output(Object(WP_Post), Array)
#8 C:\xampp\htdocs\test2003\wp-admin\edit-form-advanced.php(688): do_meta_boxes(Object(WP_Screen), 'normal', Object(WP_Post))
#9 C:\xampp\htdocs\test2003\wp-admin\post.php(206): require('C:\\xampp\\htdocs...')
#10 {main}
  thrown в C:\xampp\htdocs\test2003\wp-content\themes\twentytwentythree -child\functions.php на строке 124

2023-08-24T12:27:11+00:00 CRITICAL Uncaught ArgumentCountError: Too few arguments to function wc_rest_upload_image_from_url(), 0 passed in C:\xampp\htdocs\test2003\wp-content\themes\twentytwentythree -child\functions.php on line 83 and exactly 1 expected in C:\xampp\htdocs\test2003\wp-content\plugins\woocommerce\includes\wc-rest-functions.php:69
Stack trace:
#0 C:\xampp\htdocs\test2003\wp-content\themes\twentytwentythree -child\functions.php(83): wc_rest_upload_image_from_url()
#1 C:\xampp\htdocs\test2003\wp-includes\class-wp-hook.php(310): art_woo_add_custom_fields('')
#2 C:\xampp\htdocs\test2003\wp-includes\class-wp-hook.php(334): WP_Hook->apply_filters('', Array)
#3 C:\xampp\htdocs\test2003\wp-includes\plugin.php(517): WP_Hook->do_action(Array)
#4 C:\xampp\htdocs\test2003\wp-content\plugins\woocommerce\includes\admin\meta-boxes\views\html-product-data-general.php(206): do_action('woocommerce_pro...')
#5 C:\xampp\htdocs\test2003\wp-content\plugins\woocommerce\includes\admin\meta-boxes\class-wc-meta-box-product-data.php(42): include('C:\\xampp\\htdocs...')
#6 C:\xampp\htdocs\test2003\wp-content\plugins\woocommerce\includes\admin\meta-boxes\views\html-product-data-panel.php(52): WC_Meta_Box_Product_Data::output_tabs()
#7 C:\xampp\htdocs\test2003\wp-content\plugins\woocommerce\includes\admin\meta-boxes\class-wc-meta-box-product-data.php(33): include('C:\\xampp\\htdocs...')
#8 C:\xampp\htdocs\test2003\wp-admin\includes\template.php(1443): WC_Meta_Box_Product_Data::output(Object(WP_Post), Array)
#9 C:\xampp\htdocs\test2003\wp-admin\edit-form-advanced.php(688): do_meta_boxes(Object(WP_Screen), 'normal', Object(WP_Post))
#10 C:\xampp\htdocs\test2003\wp-admin\post.php(206): require('C:\\xampp\\htdocs...')
#11 {main}
  thrown в C:\xampp\htdocs\test2003\wp-content\plugins\woocommerce\includes\wc-rest-functions.php на строке 69

2023-08-24T12:27:21+00:00 CRITICAL Uncaught ArgumentCountError: Too few arguments to function woocommerce_wp_select(), 0 passed in C:\xampp\htdocs\test2003\wp-content\themes\twentytwentythree -child\functions.php on line 70 and at least 1 expected in C:\xampp\htdocs\test2003\wp-content\plugins\woocommerce\includes\admin\wc-meta-box-functions.php:193
Stack trace:
#0 C:\xampp\htdocs\test2003\wp-content\themes\twentytwentythree -child\functions.php(70): woocommerce_wp_select()
#1 C:\xampp\htdocs\test2003\wp-includes\class-wp-hook.php(310): art_woo_add_custom_fields('')
#2 C:\xampp\htdocs\test2003\wp-includes\class-wp-hook.php(334): WP_Hook->apply_filters('', Array)
#3 C:\xampp\htdocs\test2003\wp-includes\plugin.php(517): WP_Hook->do_action(Array)
#4 C:\xampp\htdocs\test2003\wp-content\plugins\woocommerce\includes\admin\meta-boxes\views\html-product-data-general.php(206): do_action('woocommerce_pro...')
#5 C:\xampp\htdocs\test2003\wp-content\plugins\woocommerce\includes\admin\meta-boxes\class-wc-meta-box-product-data.php(42): include('C:\\xampp\\htdocs...')
#6 C:\xampp\htdocs\test2003\wp-content\plugins\woocommerce\includes\admin\meta-boxes\views\html-product-data-panel.php(52): WC_Meta_Box_Product_Data::output_tabs()
#7 C:\xampp\htdocs\test2003\wp-content\plugins\woocommerce\includes\admin\meta-boxes\class-wc-meta-box-product-data.php(33): include('C:\\xampp\\htdocs...')
#8 C:\xampp\htdocs\test2003\wp-admin\includes\template.php(1443): WC_Meta_Box_Product_Data::output(Object(WP_Post), Array)
#9 C:\xampp\htdocs\test2003\wp-admin\edit-form-advanced.php(688): do_meta_boxes(Object(WP_Screen), 'normal', Object(WP_Post))
#10 C:\xampp\htdocs\test2003\wp-admin\post.php(206): require('C:\\xampp\\htdocs...')
#11 {main}
  thrown в C:\xampp\htdocs\test2003\wp-content\plugins\woocommerce\includes\admin\wc-meta-box-functions.php на строке 193

2023-08-24T12:27:32+00:00 CRITICAL Uncaught ArgumentCountError: Too few arguments to function woocommerce_wp_select(), 0 passed in C:\xampp\htdocs\test2003\wp-content\themes\twentytwentythree -child\functions.php on line 70 and at least 1 expected in C:\xampp\htdocs\test2003\wp-content\plugins\woocommerce\includes\admin\wc-meta-box-functions.php:193
Stack trace:
#0 C:\xampp\htdocs\test2003\wp-content\themes\twentytwentythree -child\functions.php(70): woocommerce_wp_select()
#1 C:\xampp\htdocs\test2003\wp-includes\class-wp-hook.php(310): art_woo_add_custom_fields('')
#2 C:\xampp\htdocs\test2003\wp-includes\class-wp-hook.php(334): WP_Hook->apply_filters('', Array)
#3 C:\xampp\htdocs\test2003\wp-includes\plugin.php(517): WP_Hook->do_action(Array)
#4 C:\xampp\htdocs\test2003\wp-content\plugins\woocommerce\includes\admin\meta-boxes\views\html-product-data-general.php(206): do_action('woocommerce_pro...')
#5 C:\xampp\htdocs\test2003\wp-content\plugins\woocommerce\includes\admin\meta-boxes\class-wc-meta-box-product-data.php(42): include('C:\\xampp\\htdocs...')
#6 C:\xampp\htdocs\test2003\wp-content\plugins\woocommerce\includes\admin\meta-boxes\views\html-product-data-panel.php(52): WC_Meta_Box_Product_Data::output_tabs()
#7 C:\xampp\htdocs\test2003\wp-content\plugins\woocommerce\includes\admin\meta-boxes\class-wc-meta-box-product-data.php(33): include('C:\\xampp\\htdocs...')
#8 C:\xampp\htdocs\test2003\wp-admin\includes\template.php(1443): WC_Meta_Box_Product_Data::output(Object(WP_Post), Array)
#9 C:\xampp\htdocs\test2003\wp-admin\edit-form-advanced.php(688): do_meta_boxes(Object(WP_Screen), 'normal', Object(WP_Post))
#10 C:\xampp\htdocs\test2003\wp-admin\post.php(206): require('C:\\xampp\\htdocs...')
#11 {main}
  thrown в C:\xampp\htdocs\test2003\wp-content\plugins\woocommerce\includes\admin\wc-meta-box-functions.php на строке 193

2023-08-24T12:28:01+00:00 CRITICAL Uncaught ArgumentCountError: Too few arguments to function woocommerce_wp_select(), 0 passed in C:\xampp\htdocs\test2003\wp-content\themes\twentytwentythree -child\functions.php on line 70 and at least 1 expected in C:\xampp\htdocs\test2003\wp-content\plugins\woocommerce\includes\admin\wc-meta-box-functions.php:193
Stack trace:
#0 C:\xampp\htdocs\test2003\wp-content\themes\twentytwentythree -child\functions.php(70): woocommerce_wp_select()
#1 C:\xampp\htdocs\test2003\wp-includes\class-wp-hook.php(310): art_woo_add_custom_fields('')
#2 C:\xampp\htdocs\test2003\wp-includes\class-wp-hook.php(334): WP_Hook->apply_filters('', Array)
#3 C:\xampp\htdocs\test2003\wp-includes\plugin.php(517): WP_Hook->do_action(Array)
#4 C:\xampp\htdocs\test2003\wp-content\plugins\woocommerce\includes\admin\meta-boxes\views\html-product-data-general.php(206): do_action('woocommerce_pro...')
#5 C:\xampp\htdocs\test2003\wp-content\plugins\woocommerce\includes\admin\meta-boxes\class-wc-meta-box-product-data.php(42): include('C:\\xampp\\htdocs...')
#6 C:\xampp\htdocs\test2003\wp-content\plugins\woocommerce\includes\admin\meta-boxes\views\html-product-data-panel.php(52): WC_Meta_Box_Product_Data::output_tabs()
#7 C:\xampp\htdocs\test2003\wp-content\plugins\woocommerce\includes\admin\meta-boxes\class-wc-meta-box-product-data.php(33): include('C:\\xampp\\htdocs...')
#8 C:\xampp\htdocs\test2003\wp-admin\includes\template.php(1443): WC_Meta_Box_Product_Data::output(Object(WP_Post), Array)
#9 C:\xampp\htdocs\test2003\wp-admin\edit-form-advanced.php(688): do_meta_boxes(Object(WP_Screen), 'normal', Object(WP_Post))
#10 C:\xampp\htdocs\test2003\wp-admin\post.php(206): require('C:\\xampp\\htdocs...')
#11 {main}
  thrown в C:\xampp\htdocs\test2003\wp-content\plugins\woocommerce\includes\admin\wc-meta-box-functions.php на строке 193

2023-08-24T12:28:22+00:00 CRITICAL Uncaught ArgumentCountError: Too few arguments to function wc_rest_upload_image_from_url(), 0 passed in C:\xampp\htdocs\test2003\wp-content\themes\twentytwentythree -child\functions.php on line 83 and exactly 1 expected in C:\xampp\htdocs\test2003\wp-content\plugins\woocommerce\includes\wc-rest-functions.php:69
Stack trace:
#0 C:\xampp\htdocs\test2003\wp-content\themes\twentytwentythree -child\functions.php(83): wc_rest_upload_image_from_url()
#1 C:\xampp\htdocs\test2003\wp-includes\class-wp-hook.php(310): art_woo_add_custom_fields('')
#2 C:\xampp\htdocs\test2003\wp-includes\class-wp-hook.php(334): WP_Hook->apply_filters('', Array)
#3 C:\xampp\htdocs\test2003\wp-includes\plugin.php(517): WP_Hook->do_action(Array)
#4 C:\xampp\htdocs\test2003\wp-content\plugins\woocommerce\includes\admin\meta-boxes\views\html-product-data-general.php(206): do_action('woocommerce_pro...')
#5 C:\xampp\htdocs\test2003\wp-content\plugins\woocommerce\includes\admin\meta-boxes\class-wc-meta-box-product-data.php(42): include('C:\\xampp\\htdocs...')
#6 C:\xampp\htdocs\test2003\wp-content\plugins\woocommerce\includes\admin\meta-boxes\views\html-product-data-panel.php(52): WC_Meta_Box_Product_Data::output_tabs()
#7 C:\xampp\htdocs\test2003\wp-content\plugins\woocommerce\includes\admin\meta-boxes\class-wc-meta-box-product-data.php(33): include('C:\\xampp\\htdocs...')
#8 C:\xampp\htdocs\test2003\wp-admin\includes\template.php(1443): WC_Meta_Box_Product_Data::output(Object(WP_Post), Array)
#9 C:\xampp\htdocs\test2003\wp-admin\edit-form-advanced.php(688): do_meta_boxes(Object(WP_Screen), 'normal', Object(WP_Post))
#10 C:\xampp\htdocs\test2003\wp-admin\post.php(206): require('C:\\xampp\\htdocs...')
#11 {main}
  thrown в C:\xampp\htdocs\test2003\wp-content\plugins\woocommerce\includes\wc-rest-functions.php на строке 69

2023-08-24T12:28:41+00:00 CRITICAL Uncaught TypeError: ltrim(): Argument #1 ($string) must be of type string, array given in C:\xampp\htdocs\test2003\wp-includes\formatting.php:4477
Stack trace:
#0 C:\xampp\htdocs\test2003\wp-includes\formatting.php(4477): ltrim(Array)
#1 C:\xampp\htdocs\test2003\wp-includes\formatting.php(4603): esc_url(Array, NULL, 'db')
#2 C:\xampp\htdocs\test2003\wp-includes\formatting.php(4585): sanitize_url(Array, NULL)
#3 C:\xampp\htdocs\test2003\wp-content\plugins\woocommerce\includes\wc-rest-functions.php(79): esc_url_raw(Array)
#4 C:\xampp\htdocs\test2003\wp-content\themes\twentytwentythree -child\functions.php(85): wc_rest_upload_image_from_url(Array)
#5 C:\xampp\htdocs\test2003\wp-includes\class-wp-hook.php(310): art_woo_add_custom_fields('')
#6 C:\xampp\htdocs\test2003\wp-includes\class-wp-hook.php(334): WP_Hook->apply_filters('', Array)
#7 C:\xampp\htdocs\test2003\wp-includes\plugin.php(517): WP_Hook->do_action(Array)
#8 C:\xampp\htdocs\test2003\wp-content\plugins\woocommerce\includes\admin\meta-boxes\views\html-product-data-general.php(206): do_action('woocommerce_pro...')
#9 C:\xampp\htdocs\test2003\wp-content\plugins\woocommerce\includes\admin\meta-boxes\class-wc-meta-box-product-data.php(42): include('C:\\xampp\\htdocs...')
#10 C:\xampp\htdocs\test2003\wp-content\plugins\woocommerce\includes\admin\meta-boxes\views\html-product-data-panel.php(52): WC_Meta_Box_Product_Data::output_tabs()
#11 C:\xampp\htdocs\test2003\wp-content\plugins\woocommerce\includes\admin\meta-boxes\class-wc-meta-box-product-data.php(33): include('C:\\xampp\\htdocs...')
#12 C:\xampp\htdocs\test2003\wp-admin\includes\template.php(1443): WC_Meta_Box_Product_Data::output(Object(WP_Post), Array)
#13 C:\xampp\htdocs\test2003\wp-admin\edit-form-advanced.php(688): do_meta_boxes(Object(WP_Screen), 'normal', Object(WP_Post))
#14 C:\xampp\htdocs\test2003\wp-admin\post.php(206): require('C:\\xampp\\htdocs...')
#15 {main}
  thrown в C:\xampp\htdocs\test2003\wp-includes\formatting.php на строке 4477

2023-08-24T12:30:45+00:00 CRITICAL syntax error, unexpected identifier "wc_rest_upload_image_from_url" в C:\xampp\htdocs\test2003\wp-content\themes\twentytwentythree -child\functions.php на строке 83

2023-08-24T12:30:45+00:00 CRITICAL syntax error, unexpected identifier "wc_rest_upload_image_from_url" в C:\xampp\htdocs\test2003\wp-content\themes\twentytwentythree -child\functions.php на строке 83

2023-08-24T12:30:50+00:00 CRITICAL syntax error, unexpected identifier "wc_rest_upload_image_from_url" в C:\xampp\htdocs\test2003\wp-content\themes\twentytwentythree -child\functions.php на строке 83

2023-08-24T12:56:52+00:00 CRITICAL syntax error, unexpected single-quoted string "custom_attributes", expecting "]" в C:\xampp\htdocs\test2003\wp-content\themes\twentytwentythree -child\functions.php на строке 59

2023-08-24T12:56:52+00:00 CRITICAL syntax error, unexpected single-quoted string "custom_attributes", expecting "]" в C:\xampp\htdocs\test2003\wp-content\themes\twentytwentythree -child\functions.php на строке 59

2023-08-24T13:04:58+00:00 CRITICAL syntax error, unexpected token "<" в C:\xampp\htdocs\test2003\wp-content\themes\twentytwentythree -child\functions.php на строке 63

2023-08-24T13:04:59+00:00 CRITICAL syntax error, unexpected token "<" в C:\xampp\htdocs\test2003\wp-content\themes\twentytwentythree -child\functions.php на строке 63

2023-08-24T13:05:07+00:00 CRITICAL syntax error, unexpected token "<" в C:\xampp\htdocs\test2003\wp-content\themes\twentytwentythree -child\functions.php на строке 63

2023-08-24T13:05:24+00:00 CRITICAL syntax error, unexpected identifier "woocommerce_wp_text_input", expecting "," or ";" в C:\xampp\htdocs\test2003\wp-content\themes\twentytwentythree -child\functions.php на строке 66

2023-08-24T13:05:44+00:00 CRITICAL syntax error, unexpected token "echo", expecting ")" в C:\xampp\htdocs\test2003\wp-content\themes\twentytwentythree -child\functions.php на строке 62

2023-08-24T13:56:49+00:00 CRITICAL syntax error, unexpected token "=", expecting "]" в C:\xampp\htdocs\test2003\wp-content\themes\twentytwentythree -child\functions.php на строке 55

2023-08-24T13:57:45+00:00 CRITICAL syntax error, unexpected token "=", expecting "]" в C:\xampp\htdocs\test2003\wp-content\themes\twentytwentythree -child\functions.php на строке 55

2023-08-24T13:58:50+00:00 CRITICAL syntax error, unexpected token "=", expecting "]" в C:\xampp\htdocs\test2003\wp-content\themes\twentytwentythree -child\functions.php на строке 55

2023-08-24T13:59:46+00:00 CRITICAL syntax error, unexpected token "=", expecting "]" в C:\xampp\htdocs\test2003\wp-content\themes\twentytwentythree -child\functions.php на строке 55

2023-08-24T14:00:51+00:00 CRITICAL syntax error, unexpected token "=", expecting "]" в C:\xampp\htdocs\test2003\wp-content\themes\twentytwentythree -child\functions.php на строке 55

2023-08-24T15:54:26+00:00 CRITICAL Uncaught Error: Call to a member function get_price_html() on null in C:\xampp\htdocs\test2003\wp-content\themes\twentytwentythree -child\tpl-page.php:12
Stack trace:
#0 C:\xampp\htdocs\test2003\wp-includes\template-loader.php(106): include()
#1 C:\xampp\htdocs\test2003\wp-blog-header.php(19): require_once('C:\\xampp\\htdocs...')
#2 C:\xampp\htdocs\test2003\index.php(17): require('C:\\xampp\\htdocs...')
#3 {main}
  thrown в C:\xampp\htdocs\test2003\wp-content\themes\twentytwentythree -child\tpl-page.php на строке 12

2023-08-24T17:02:07+00:00 CRITICAL Uncaught TypeError: call_user_func_array(): Argument #1 ($callback) must be a valid callback, function "woocommerce_product_custom_fields_save" not found or invalid function name in C:\xampp\htdocs\test2003\wp-includes\class-wp-hook.php:312
Stack trace:
#0 C:\xampp\htdocs\test2003\wp-includes\class-wp-hook.php(334): WP_Hook->apply_filters('', Array)
#1 C:\xampp\htdocs\test2003\wp-includes\plugin.php(517): WP_Hook->do_action(Array)
#2 C:\xampp\htdocs\test2003\wp-content\plugins\woocommerce\includes\admin\class-wc-admin-meta-boxes.php(268): do_action('woocommerce_pro...', 17, Object(WP_Post))
#3 C:\xampp\htdocs\test2003\wp-includes\class-wp-hook.php(312): WC_Admin_Meta_Boxes->save_meta_boxes(17, Object(WP_Post))
#4 C:\xampp\htdocs\test2003\wp-includes\class-wp-hook.php(334): WP_Hook->apply_filters('', Array)
#5 C:\xampp\htdocs\test2003\wp-includes\plugin.php(517): WP_Hook->do_action(Array)
#6 C:\xampp\htdocs\test2003\wp-includes\post.php(4751): do_action('save_post', 17, Object(WP_Post), true)
#7 C:\xampp\htdocs\test2003\wp-includes\post.php(4853): wp_insert_post(Array, false, true)
#8 C:\xampp\htdocs\test2003\wp-admin\includes\post.php(445): wp_update_post(Array)
#9 C:\xampp\htdocs\test2003\wp-admin\post.php(227): edit_post()
#10 {main}
  thrown в C:\xampp\htdocs\test2003\wp-includes\class-wp-hook.php на строке 312

2023-08-24T17:58:56+00:00 CRITICAL syntax error, unexpected token "," в C:\xampp\htdocs\test2003\wp-content\themes\twentytwentythree -child\functions.php на строке 197

