2023-08-25T14:20:09+00:00 CRITICAL Uncaught ArgumentCountError: Too few arguments to function add_action(), 1 passed in C:\xampp\htdocs\test2003\wp-content\themes\twentytwentythree -child\functions.php on line 224 and at least 2 expected in C:\xampp\htdocs\test2003\wp-includes\plugin.php:441
Stack trace:
#0 C:\xampp\htdocs\test2003\wp-content\themes\twentytwentythree -child\functions.php(224): add_action('save_post')
#1 C:\xampp\htdocs\test2003\wp-settings.php(600): include('C:\\xampp\\htdocs...')
#2 C:\xampp\htdocs\test2003\wp-config.php(95): require_once('C:\\xampp\\htdocs...')
#3 C:\xampp\htdocs\test2003\wp-load.php(50): require_once('C:\\xampp\\htdocs...')
#4 C:\xampp\htdocs\test2003\wp-admin\admin-ajax.php(22): require_once('C:\\xampp\\htdocs...')
#5 {main}
  thrown в C:\xampp\htdocs\test2003\wp-includes\plugin.php на строке 441

2023-08-25T14:20:11+00:00 CRITICAL Uncaught ArgumentCountError: Too few arguments to function add_action(), 1 passed in C:\xampp\htdocs\test2003\wp-content\themes\twentytwentythree -child\functions.php on line 224 and at least 2 expected in C:\xampp\htdocs\test2003\wp-includes\plugin.php:441
Stack trace:
#0 C:\xampp\htdocs\test2003\wp-content\themes\twentytwentythree -child\functions.php(224): add_action('save_post')
#1 C:\xampp\htdocs\test2003\wp-settings.php(600): include('C:\\xampp\\htdocs...')
#2 C:\xampp\htdocs\test2003\wp-config.php(95): require_once('C:\\xampp\\htdocs...')
#3 C:\xampp\htdocs\test2003\wp-load.php(50): require_once('C:\\xampp\\htdocs...')
#4 C:\xampp\htdocs\test2003\wp-admin\admin-ajax.php(22): require_once('C:\\xampp\\htdocs...')
#5 {main}
  thrown в C:\xampp\htdocs\test2003\wp-includes\plugin.php на строке 441

2023-08-25T14:20:11+00:00 CRITICAL Uncaught ArgumentCountError: Too few arguments to function add_action(), 1 passed in C:\xampp\htdocs\test2003\wp-content\themes\twentytwentythree -child\functions.php on line 224 and at least 2 expected in C:\xampp\htdocs\test2003\wp-includes\plugin.php:441
Stack trace:
#0 C:\xampp\htdocs\test2003\wp-content\themes\twentytwentythree -child\functions.php(224): add_action('save_post')
#1 C:\xampp\htdocs\test2003\wp-settings.php(600): include('C:\\xampp\\htdocs...')
#2 C:\xampp\htdocs\test2003\wp-config.php(95): require_once('C:\\xampp\\htdocs...')
#3 C:\xampp\htdocs\test2003\wp-load.php(50): require_once('C:\\xampp\\htdocs...')
#4 C:\xampp\htdocs\test2003\wp-admin\admin.php(34): require_once('C:\\xampp\\htdocs...')
#5 C:\xampp\htdocs\test2003\wp-admin\post.php(12): require_once('C:\\xampp\\htdocs...')
#6 {main}
  thrown в C:\xampp\htdocs\test2003\wp-includes\plugin.php на строке 441

2023-08-25T14:20:11+00:00 CRITICAL Uncaught ArgumentCountError: Too few arguments to function add_action(), 1 passed in C:\xampp\htdocs\test2003\wp-content\themes\twentytwentythree -child\functions.php on line 224 and at least 2 expected in C:\xampp\htdocs\test2003\wp-includes\plugin.php:441
Stack trace:
#0 C:\xampp\htdocs\test2003\wp-content\themes\twentytwentythree -child\functions.php(224): add_action('save_post')
#1 C:\xampp\htdocs\test2003\wp-settings.php(600): include('C:\\xampp\\htdocs...')
#2 C:\xampp\htdocs\test2003\wp-config.php(95): require_once('C:\\xampp\\htdocs...')
#3 C:\xampp\htdocs\test2003\wp-load.php(50): require_once('C:\\xampp\\htdocs...')
#4 C:\xampp\htdocs\test2003\wp-admin\admin-ajax.php(22): require_once('C:\\xampp\\htdocs...')
#5 {main}
  thrown в C:\xampp\htdocs\test2003\wp-includes\plugin.php на строке 441

2023-08-25T14:20:18+00:00 CRITICAL Uncaught ArgumentCountError: Too few arguments to function add_action(), 1 passed in C:\xampp\htdocs\test2003\wp-content\themes\twentytwentythree -child\functions.php on line 224 and at least 2 expected in C:\xampp\htdocs\test2003\wp-includes\plugin.php:441
Stack trace:
#0 C:\xampp\htdocs\test2003\wp-content\themes\twentytwentythree -child\functions.php(224): add_action('save_post')
#1 C:\xampp\htdocs\test2003\wp-settings.php(600): include('C:\\xampp\\htdocs...')
#2 C:\xampp\htdocs\test2003\wp-config.php(95): require_once('C:\\xampp\\htdocs...')
#3 C:\xampp\htdocs\test2003\wp-load.php(50): require_once('C:\\xampp\\htdocs...')
#4 C:\xampp\htdocs\test2003\wp-admin\admin.php(34): require_once('C:\\xampp\\htdocs...')
#5 C:\xampp\htdocs\test2003\wp-admin\post.php(12): require_once('C:\\xampp\\htdocs...')
#6 {main}
  thrown в C:\xampp\htdocs\test2003\wp-includes\plugin.php на строке 441

2023-08-25T14:27:37+00:00 CRITICAL Uncaught ArgumentCountError: Too few arguments to function add_action(), 1 passed in C:\xampp\htdocs\test2003\wp-content\themes\twentytwentythree -child\functions.php on line 224 and at least 2 expected in C:\xampp\htdocs\test2003\wp-includes\plugin.php:441
Stack trace:
#0 C:\xampp\htdocs\test2003\wp-content\themes\twentytwentythree -child\functions.php(224): add_action('save_post')
#1 C:\xampp\htdocs\test2003\wp-settings.php(600): include('C:\\xampp\\htdocs...')
#2 C:\xampp\htdocs\test2003\wp-config.php(95): require_once('C:\\xampp\\htdocs...')
#3 C:\xampp\htdocs\test2003\wp-load.php(50): require_once('C:\\xampp\\htdocs...')
#4 C:\xampp\htdocs\test2003\wp-admin\admin.php(34): require_once('C:\\xampp\\htdocs...')
#5 C:\xampp\htdocs\test2003\wp-admin\post.php(12): require_once('C:\\xampp\\htdocs...')
#6 {main}
  thrown в C:\xampp\htdocs\test2003\wp-includes\plugin.php на строке 441

2023-08-25T14:27:37+00:00 CRITICAL Uncaught ArgumentCountError: Too few arguments to function add_action(), 1 passed in C:\xampp\htdocs\test2003\wp-content\themes\twentytwentythree -child\functions.php on line 224 and at least 2 expected in C:\xampp\htdocs\test2003\wp-includes\plugin.php:441
Stack trace:
#0 C:\xampp\htdocs\test2003\wp-content\themes\twentytwentythree -child\functions.php(224): add_action('save_post')
#1 C:\xampp\htdocs\test2003\wp-settings.php(600): include('C:\\xampp\\htdocs...')
#2 C:\xampp\htdocs\test2003\wp-config.php(95): require_once('C:\\xampp\\htdocs...')
#3 C:\xampp\htdocs\test2003\wp-load.php(50): require_once('C:\\xampp\\htdocs...')
#4 C:\xampp\htdocs\test2003\wp-admin\admin-ajax.php(22): require_once('C:\\xampp\\htdocs...')
#5 {main}
  thrown в C:\xampp\htdocs\test2003\wp-includes\plugin.php на строке 441

2023-08-25T14:28:14+00:00 CRITICAL Uncaught ArgumentCountError: Too few arguments to function add_action(), 1 passed in C:\xampp\htdocs\test2003\wp-content\themes\twentytwentythree -child\functions.php on line 224 and at least 2 expected in C:\xampp\htdocs\test2003\wp-includes\plugin.php:441
Stack trace:
#0 C:\xampp\htdocs\test2003\wp-content\themes\twentytwentythree -child\functions.php(224): add_action('save_post')
#1 C:\xampp\htdocs\test2003\wp-settings.php(600): include('C:\\xampp\\htdocs...')
#2 C:\xampp\htdocs\test2003\wp-config.php(95): require_once('C:\\xampp\\htdocs...')
#3 C:\xampp\htdocs\test2003\wp-load.php(50): require_once('C:\\xampp\\htdocs...')
#4 C:\xampp\htdocs\test2003\wp-admin\admin-ajax.php(22): require_once('C:\\xampp\\htdocs...')
#5 {main}
  thrown в C:\xampp\htdocs\test2003\wp-includes\plugin.php на строке 441

2023-08-25T14:30:15+00:00 CRITICAL Uncaught ArgumentCountError: Too few arguments to function add_action(), 1 passed in C:\xampp\htdocs\test2003\wp-content\themes\twentytwentythree -child\functions.php on line 224 and at least 2 expected in C:\xampp\htdocs\test2003\wp-includes\plugin.php:441
Stack trace:
#0 C:\xampp\htdocs\test2003\wp-content\themes\twentytwentythree -child\functions.php(224): add_action('save_post')
#1 C:\xampp\htdocs\test2003\wp-settings.php(600): include('C:\\xampp\\htdocs...')
#2 C:\xampp\htdocs\test2003\wp-config.php(95): require_once('C:\\xampp\\htdocs...')
#3 C:\xampp\htdocs\test2003\wp-load.php(50): require_once('C:\\xampp\\htdocs...')
#4 C:\xampp\htdocs\test2003\wp-admin\admin-ajax.php(22): require_once('C:\\xampp\\htdocs...')
#5 {main}
  thrown в C:\xampp\htdocs\test2003\wp-includes\plugin.php на строке 441

2023-08-25T14:34:17+00:00 CRITICAL syntax error, unexpected identifier "add_action", expecting "case" or "default" or "}" в C:\xampp\htdocs\test2003\wp-content\themes\twentytwentythree -child\functions.php на строке 236

2023-08-25T18:29:57+00:00 CRITICAL Uncaught TypeError: reset(): Argument #1 ($array) must be of type array, bool given in C:\xampp\htdocs\test2003\wp-content\themes\twentytwentythree -child\functions.php:243
Stack trace:
#0 C:\xampp\htdocs\test2003\wp-content\themes\twentytwentythree -child\functions.php(243): reset(false)
#1 C:\xampp\htdocs\test2003\wp-includes\class-wp-hook.php(310): bbloomer_create_simple_product_automatically('')
#2 C:\xampp\htdocs\test2003\wp-includes\class-wp-hook.php(334): WP_Hook->apply_filters(NULL, Array)
#3 C:\xampp\htdocs\test2003\wp-includes\plugin.php(517): WP_Hook->do_action(Array)
#4 C:\xampp\htdocs\test2003\wp-content\themes\twentytwentythree -child\tpl-page.php(40): do_action('misha_hook')
#5 C:\xampp\htdocs\test2003\wp-includes\template-loader.php(106): include('C:\\xampp\\htdocs...')
#6 C:\xampp\htdocs\test2003\wp-blog-header.php(19): require_once('C:\\xampp\\htdocs...')
#7 C:\xampp\htdocs\test2003\index.php(17): require('C:\\xampp\\htdocs...')
#8 {main}
  thrown в C:\xampp\htdocs\test2003\wp-content\themes\twentytwentythree -child\functions.php на строке 243

2023-08-25T18:30:00+00:00 CRITICAL Uncaught TypeError: reset(): Argument #1 ($array) must be of type array, bool given in C:\xampp\htdocs\test2003\wp-content\themes\twentytwentythree -child\functions.php:243
Stack trace:
#0 C:\xampp\htdocs\test2003\wp-content\themes\twentytwentythree -child\functions.php(243): reset(false)
#1 C:\xampp\htdocs\test2003\wp-includes\class-wp-hook.php(310): bbloomer_create_simple_product_automatically('')
#2 C:\xampp\htdocs\test2003\wp-includes\class-wp-hook.php(334): WP_Hook->apply_filters(NULL, Array)
#3 C:\xampp\htdocs\test2003\wp-includes\plugin.php(517): WP_Hook->do_action(Array)
#4 C:\xampp\htdocs\test2003\wp-content\themes\twentytwentythree -child\tpl-page.php(40): do_action('misha_hook')
#5 C:\xampp\htdocs\test2003\wp-includes\template-loader.php(106): include('C:\\xampp\\htdocs...')
#6 C:\xampp\htdocs\test2003\wp-blog-header.php(19): require_once('C:\\xampp\\htdocs...')
#7 C:\xampp\htdocs\test2003\index.php(17): require('C:\\xampp\\htdocs...')
#8 {main}
  thrown в C:\xampp\htdocs\test2003\wp-content\themes\twentytwentythree -child\functions.php на строке 243

